{"C:\\Users\\andrz\\vscode\\Projects\\wypok\\server\\app.js": {"path":"C:\\Users\\andrz\\vscode\\Projects\\wypok\\server\\app.js","statementMap":{"0":{"start":{"line":1,"column":16},"end":{"line":1,"column":34}},"1":{"start":{"line":2,"column":20},"end":{"line":2,"column":42}},"2":{"start":{"line":3,"column":17},"end":{"line":3,"column":36}},"3":{"start":{"line":4,"column":0},"end":{"line":4,"column":27}},"4":{"start":{"line":6,"column":15},"end":{"line":6,"column":33}},"5":{"start":{"line":7,"column":12},"end":{"line":7,"column":21}},"6":{"start":{"line":8,"column":13},"end":{"line":8,"column":28}},"7":{"start":{"line":9,"column":15},"end":{"line":9,"column":32}},"8":{"start":{"line":10,"column":15},"end":{"line":10,"column":35}},"9":{"start":{"line":12,"column":0},"end":{"line":19,"column":5}},"10":{"start":{"line":15,"column":4},"end":{"line":15,"column":40}},"11":{"start":{"line":18,"column":4},"end":{"line":18,"column":63}},"12":{"start":{"line":21,"column":0},"end":{"line":21,"column":23}},"13":{"start":{"line":22,"column":0},"end":{"line":22,"column":24}},"14":{"start":{"line":23,"column":0},"end":{"line":23,"column":16}},"15":{"start":{"line":24,"column":0},"end":{"line":24,"column":24}},"16":{"start":{"line":26,"column":0},"end":{"line":26,"column":24}},"17":{"start":{"line":28,"column":0},"end":{"line":28,"column":21}}},"fnMap":{"0":{"name":"(anonymous_0)","decl":{"start":{"line":14,"column":8},"end":{"line":14,"column":9}},"loc":{"start":{"line":14,"column":14},"end":{"line":16,"column":3}},"line":14},"1":{"name":"(anonymous_1)","decl":{"start":{"line":17,"column":9},"end":{"line":17,"column":10}},"loc":{"start":{"line":17,"column":20},"end":{"line":19,"column":3}},"line":17}},"branchMap":{},"s":{"0":1,"1":1,"2":1,"3":1,"4":1,"5":1,"6":1,"7":1,"8":1,"9":1,"10":1,"11":0,"12":1,"13":1,"14":1,"15":1,"16":1,"17":1},"f":{"0":1,"1":0},"b":{},"_coverageSchema":"1a1c01bbd47fc00a2c39e90264f33305004495a9","hash":"1f7569f929eba0f1e7d2ef5903fb2888d51da1e6"}
,"C:\\Users\\andrz\\vscode\\Projects\\wypok\\server\\controllers\\index.js": {"path":"C:\\Users\\andrz\\vscode\\Projects\\wypok\\server\\controllers\\index.js","statementMap":{"0":{"start":{"line":1,"column":14},"end":{"line":1,"column":32}},"1":{"start":{"line":3,"column":0},"end":{"line":3,"column":27}}},"fnMap":{},"branchMap":{},"s":{"0":1,"1":1},"f":{},"b":{},"_coverageSchema":"1a1c01bbd47fc00a2c39e90264f33305004495a9","hash":"aa25f73485311258bccf1c51fa2897ecc29f9380"}
,"C:\\Users\\andrz\\vscode\\Projects\\wypok\\server\\controllers\\users.js": {"path":"C:\\Users\\andrz\\vscode\\Projects\\wypok\\server\\controllers\\users.js","statementMap":{"0":{"start":{"line":1,"column":15},"end":{"line":1,"column":32}},"1":{"start":{"line":2,"column":12},"end":{"line":2,"column":35}},"2":{"start":{"line":3,"column":18},"end":{"line":3,"column":38}},"3":{"start":{"line":4,"column":24},"end":{"line":4,"column":52}},"4":{"start":{"line":6,"column":16},"end":{"line":33,"column":1}},"5":{"start":{"line":7,"column":19},"end":{"line":7,"column":22}},"6":{"start":{"line":8,"column":21},"end":{"line":8,"column":23}},"7":{"start":{"line":9,"column":2},"end":{"line":32,"column":3}},"8":{"start":{"line":10,"column":20},"end":{"line":10,"column":52}},"9":{"start":{"line":12,"column":4},"end":{"line":29,"column":5}},"10":{"start":{"line":13,"column":6},"end":{"line":26,"column":7}},"11":{"start":{"line":14,"column":29},"end":{"line":14,"column":73}},"12":{"start":{"line":16,"column":24},"end":{"line":19,"column":10}},"13":{"start":{"line":21,"column":22},"end":{"line":21,"column":42}},"14":{"start":{"line":23,"column":8},"end":{"line":23,"column":24}},"15":{"start":{"line":25,"column":8},"end":{"line":25,"column":42}},"16":{"start":{"line":28,"column":6},"end":{"line":28,"column":55}},"17":{"start":{"line":31,"column":4},"end":{"line":31,"column":38}},"18":{"start":{"line":35,"column":18},"end":{"line":60,"column":1}},"19":{"start":{"line":36,"column":19},"end":{"line":36,"column":22}},"20":{"start":{"line":37,"column":2},"end":{"line":59,"column":3}},"21":{"start":{"line":38,"column":17},"end":{"line":38,"column":49}},"22":{"start":{"line":39,"column":4},"end":{"line":42,"column":5}},"23":{"start":{"line":40,"column":6},"end":{"line":40,"column":44}},"24":{"start":{"line":41,"column":6},"end":{"line":41,"column":13}},"25":{"start":{"line":43,"column":28},"end":{"line":43,"column":78}},"26":{"start":{"line":44,"column":4},"end":{"line":47,"column":5}},"27":{"start":{"line":45,"column":6},"end":{"line":45,"column":47}},"28":{"start":{"line":46,"column":6},"end":{"line":46,"column":13}},"29":{"start":{"line":49,"column":22},"end":{"line":53,"column":5}},"30":{"start":{"line":55,"column":18},"end":{"line":55,"column":57}},"31":{"start":{"line":56,"column":4},"end":{"line":56,"column":61}},"32":{"start":{"line":58,"column":4},"end":{"line":58,"column":36}},"33":{"start":{"line":62,"column":0},"end":{"line":62,"column":40}}},"fnMap":{"0":{"name":"(anonymous_0)","decl":{"start":{"line":6,"column":16},"end":{"line":6,"column":17}},"loc":{"start":{"line":6,"column":36},"end":{"line":33,"column":1}},"line":6},"1":{"name":"(anonymous_1)","decl":{"start":{"line":35,"column":18},"end":{"line":35,"column":19}},"loc":{"start":{"line":35,"column":38},"end":{"line":60,"column":1}},"line":35}},"branchMap":{"0":{"loc":{"start":{"line":12,"column":4},"end":{"line":29,"column":5}},"type":"if","locations":[{"start":{"line":12,"column":4},"end":{"line":29,"column":5}},{"start":{"line":12,"column":4},"end":{"line":29,"column":5}}],"line":12},"1":{"loc":{"start":{"line":39,"column":4},"end":{"line":42,"column":5}},"type":"if","locations":[{"start":{"line":39,"column":4},"end":{"line":42,"column":5}},{"start":{"line":39,"column":4},"end":{"line":42,"column":5}}],"line":39},"2":{"loc":{"start":{"line":44,"column":4},"end":{"line":47,"column":5}},"type":"if","locations":[{"start":{"line":44,"column":4},"end":{"line":47,"column":5}},{"start":{"line":44,"column":4},"end":{"line":47,"column":5}}],"line":44}},"s":{"0":1,"1":1,"2":1,"3":1,"4":1,"5":2,"6":2,"7":2,"8":2,"9":2,"10":1,"11":1,"12":1,"13":1,"14":1,"15":0,"16":1,"17":0,"18":1,"19":3,"20":3,"21":3,"22":3,"23":1,"24":1,"25":2,"26":2,"27":1,"28":1,"29":1,"30":1,"31":1,"32":0,"33":1},"f":{"0":2,"1":3},"b":{"0":[1,1],"1":[1,2],"2":[1,1]},"_coverageSchema":"1a1c01bbd47fc00a2c39e90264f33305004495a9","hash":"6121cfa770ba05cc335e818a1298d5e9848d707b"}
,"C:\\Users\\andrz\\vscode\\Projects\\wypok\\server\\models\\index.js": {"path":"C:\\Users\\andrz\\vscode\\Projects\\wypok\\server\\models\\index.js","statementMap":{"0":{"start":{"line":1,"column":14},"end":{"line":1,"column":32}},"1":{"start":{"line":2,"column":14},"end":{"line":2,"column":32}},"2":{"start":{"line":4,"column":0},"end":{"line":4,"column":34}}},"fnMap":{},"branchMap":{},"s":{"0":1,"1":1,"2":1},"f":{},"b":{},"_coverageSchema":"1a1c01bbd47fc00a2c39e90264f33305004495a9","hash":"947c8f1b0df86117fc2ff3d02f40b3d8b1e6710f"}
,"C:\\Users\\andrz\\vscode\\Projects\\wypok\\server\\models\\posts.js": {"path":"C:\\Users\\andrz\\vscode\\Projects\\wypok\\server\\models\\posts.js","statementMap":{"0":{"start":{"line":1,"column":17},"end":{"line":1,"column":36}},"1":{"start":{"line":3,"column":19},"end":{"line":19,"column":2}},"2":{"start":{"line":21,"column":13},"end":{"line":21,"column":47}},"3":{"start":{"line":23,"column":0},"end":{"line":23,"column":22}}},"fnMap":{},"branchMap":{},"s":{"0":1,"1":1,"2":1,"3":1},"f":{},"b":{},"_coverageSchema":"1a1c01bbd47fc00a2c39e90264f33305004495a9","hash":"4d9af6577f74ede09c5ffd1919ec4eb47d9d74d1"}
,"C:\\Users\\andrz\\vscode\\Projects\\wypok\\server\\models\\users.js": {"path":"C:\\Users\\andrz\\vscode\\Projects\\wypok\\server\\models\\users.js","statementMap":{"0":{"start":{"line":1,"column":17},"end":{"line":1,"column":36}},"1":{"start":{"line":2,"column":24},"end":{"line":2,"column":60}},"2":{"start":{"line":4,"column":19},"end":{"line":18,"column":2}},"3":{"start":{"line":19,"column":0},"end":{"line":19,"column":35}},"4":{"start":{"line":20,"column":13},"end":{"line":20,"column":47}},"5":{"start":{"line":22,"column":0},"end":{"line":22,"column":22}}},"fnMap":{},"branchMap":{},"s":{"0":1,"1":1,"2":1,"3":1,"4":1,"5":1},"f":{},"b":{},"_coverageSchema":"1a1c01bbd47fc00a2c39e90264f33305004495a9","hash":"b6dc1b4851c9f79d42b399565613cdd2848d52ff"}
,"C:\\Users\\andrz\\vscode\\Projects\\wypok\\server\\routers\\index.js": {"path":"C:\\Users\\andrz\\vscode\\Projects\\wypok\\server\\routers\\index.js","statementMap":{"0":{"start":{"line":1,"column":15},"end":{"line":1,"column":42}},"1":{"start":{"line":2,"column":13},"end":{"line":2,"column":31}},"2":{"start":{"line":4,"column":0},"end":{"line":4,"column":27}},"3":{"start":{"line":6,"column":0},"end":{"line":6,"column":24}}},"fnMap":{},"branchMap":{},"s":{"0":1,"1":1,"2":1,"3":1},"f":{},"b":{},"_coverageSchema":"1a1c01bbd47fc00a2c39e90264f33305004495a9","hash":"a667f1501e5562ad7551d088f844ef36257b766e"}
,"C:\\Users\\andrz\\vscode\\Projects\\wypok\\server\\routers\\users.js": {"path":"C:\\Users\\andrz\\vscode\\Projects\\wypok\\server\\routers\\users.js","statementMap":{"0":{"start":{"line":1,"column":15},"end":{"line":1,"column":42}},"1":{"start":{"line":3,"column":16},"end":{"line":3,"column":55}},"2":{"start":{"line":4,"column":18},"end":{"line":4,"column":59}},"3":{"start":{"line":5,"column":0},"end":{"line":7,"column":3}},"4":{"start":{"line":6,"column":2},"end":{"line":6,"column":22}},"5":{"start":{"line":8,"column":0},"end":{"line":8,"column":26}},"6":{"start":{"line":9,"column":0},"end":{"line":9,"column":33}},"7":{"start":{"line":10,"column":0},"end":{"line":10,"column":24}}},"fnMap":{"0":{"name":"(anonymous_0)","decl":{"start":{"line":5,"column":16},"end":{"line":5,"column":17}},"loc":{"start":{"line":5,"column":30},"end":{"line":7,"column":1}},"line":5}},"branchMap":{},"s":{"0":1,"1":1,"2":1,"3":1,"4":0,"5":1,"6":1,"7":1},"f":{"0":0},"b":{},"_coverageSchema":"1a1c01bbd47fc00a2c39e90264f33305004495a9","hash":"9c1a79ed6cd3a1305a98301b5b7b43cdeff0d6bf"}
,"C:\\Users\\andrz\\vscode\\Projects\\wypok\\server\\services\\index.js": {"path":"C:\\Users\\andrz\\vscode\\Projects\\wypok\\server\\services\\index.js","statementMap":{"0":{"start":{"line":1,"column":14},"end":{"line":1,"column":40}},"1":{"start":{"line":2,"column":0},"end":{"line":2,"column":27}}},"fnMap":{},"branchMap":{},"s":{"0":1,"1":1},"f":{},"b":{},"_coverageSchema":"1a1c01bbd47fc00a2c39e90264f33305004495a9","hash":"7f4653c182a9f38575147674a7b7b1d5b3966a91"}
,"C:\\Users\\andrz\\vscode\\Projects\\wypok\\server\\services\\users.service.js": {"path":"C:\\Users\\andrz\\vscode\\Projects\\wypok\\server\\services\\users.service.js","statementMap":{"0":{"start":{"line":1,"column":14},"end":{"line":1,"column":40}},"1":{"start":{"line":3,"column":20},"end":{"line":5,"column":1}},"2":{"start":{"line":4,"column":2},"end":{"line":4,"column":49}},"3":{"start":{"line":7,"column":0},"end":{"line":7,"column":33}}},"fnMap":{"0":{"name":"(anonymous_0)","decl":{"start":{"line":3,"column":20},"end":{"line":3,"column":21}},"loc":{"start":{"line":3,"column":36},"end":{"line":5,"column":1}},"line":3}},"branchMap":{},"s":{"0":1,"1":1,"2":5,"3":1},"f":{"0":5},"b":{},"_coverageSchema":"1a1c01bbd47fc00a2c39e90264f33305004495a9","hash":"97bc06db3e267ca48d9f64df8775da90c857f8d2"}
}
